[2026-06-07 13:17:57] home Successfully went Home.
[2026-06-07 13:22:34] open_app settings Successfully opened Settings.
[2026-06-07 13:23:00] current_app Successfully retrieved current app: com.termux
[2026-06-07 13:23:10] open_app settings Successfully opened Settings.
[2026-06-07 14:21:11] open_app settings Successfully opened Settings.
[2026-06-07 14:21:13] home Successfully went Home.
[2026-06-07 14:21:49] home Successfully went Home.
[2026-06-07 14:21:50] recent_apps Successfully opened Recent Apps.
[2026-06-07 14:21:59] open_app settings Successfully opened Settings.
[2026-06-07 14:22:00] back Successfully pressed Back.
[2026-06-07 14:22:10] open_app settings Successfully opened Settings.
[2026-06-07 14:22:12] open_app discord Successfully opened Discord.
[2026-06-07 14:23:44] open_app settings Successfully opened Settings.
[2026-06-07 14:23:45] open_app nonexistentapp Error: Application 'nonexistentapp' could not be resolved or found.
[2026-06-07 14:36:40] open_app discord Successfully opened Discord.
[2026-06-07 15:22:31] open_app discord Successfully opened Discord.
[2026-06-07 15:36:48] open_app discord. Successfully opened Discord..
[2026-06-07 15:59:13] open_app discord. Successfully opened Discord..
[2026-06-07 15:59:56] open_app discord. Successfully opened Discord..
[2026-06-07 16:17:41] open_app discord Successfully opened Discord.
[2026-06-07 16:27:44] open_app discord Successfully opened Discord.
[2026-06-07 17:35:40] open_app discord. Successfully opened Discord..
[2026-06-07 17:40:43] open_app discord. Successfully opened Discord..
[2026-06-07 17:51:31] open_app this code. Successfully opened This Code..
[2026-06-07 17:52:49] open_app discord Successfully opened Discord.
[2026-06-07 18:00:16] open_app discord. Successfully opened Discord..
[2026-06-07 18:03:17] open_app instagram. Successfully opened Instagram..
[2026-06-07 18:05:03] open_app instagram Successfully opened Instagram.
[2026-06-07 18:09:02] open_app discord. Successfully opened Discord..
[2026-06-07 18:12:20] open_app discord. Successfully opened Discord..
[2026-06-07 18:14:29] open_app telegram. Execution Error: Failed to launch Telegram..
[2026-06-07 18:15:42] open_app chrome Successfully opened Chrome.
[2026-06-07 18:29:46] open_app room. Error: Application 'room.' could not be resolved or found.
[2026-06-07 18:31:06] open_app chrome. Successfully opened Chrome..
[2026-06-07 18:33:52] open_app discord. Successfully opened Discord..
[2026-06-07 18:35:27] open_app instagram. Successfully opened Instagram..
[2026-06-07 18:43:40] open_app chrome. Successfully opened Chrome..
[2026-06-07 18:45:02] open_app instagram. Successfully opened Instagram..
[2026-06-07 18:46:27] open_app the scholar. Error: Application 'the scholar.' could not be resolved or found.
[2026-06-07 18:47:17] open_app this card. Execution Error: Failed to launch This Card..
[2026-06-07 18:48:05] open_app this card. Execution Error: Failed to launch This Card..
[2026-06-07 18:51:01] open_app this card. Execution Error: Failed to launch This Card..
[2026-06-07 19:24:57] type_text hello Successfully typed: hello
